{
	"/home/anahi/AssureSoft/softwareDevelopmentFundamentals/practice/src/database/conection.ts": {
		"path": "/home/anahi/AssureSoft/softwareDevelopmentFundamentals/practice/src/database/conection.ts",
		"statementMap": {
			"0": {
				"start": { "line": 1, "column": 0 },
				"end": { "line": 1, "column": 27 }
			},
			"1": {
				"start": { "line": 2, "column": 0 },
				"end": { "line": 2, "column": 25 }
			},
			"2": {
				"start": { "line": 4, "column": 0 },
				"end": { "line": 4, "column": null }
			},
			"3": {
				"start": { "line": 6, "column": 13 },
				"end": { "line": 11, "column": 2 }
			},
			"4": {
				"start": { "line": 13, "column": 0 },
				"end": { "line": 13, "column": null }
			}
		},
		"fnMap": {},
		"branchMap": {},
		"s": { "0": 1, "1": 1, "2": 1, "3": 1, "4": 1 },
		"f": {},
		"b": {}
	},
	"/home/anahi/AssureSoft/softwareDevelopmentFundamentals/practice/src/services/creditCard.service.ts": {
		"path": "/home/anahi/AssureSoft/softwareDevelopmentFundamentals/practice/src/services/creditCard.service.ts",
		"statementMap": {
			"0": {
				"start": { "line": 1, "column": 0 },
				"end": { "line": 1, "column": 42 }
			},
			"1": {
				"start": { "line": 3, "column": 22 },
				"end": { "line": 14, "column": null }
			},
			"2": {
				"start": { "line": 3, "column": 47 },
				"end": { "line": 14, "column": null }
			},
			"3": {
				"start": { "line": 4, "column": 1 },
				"end": { "line": 13, "column": null }
			},
			"4": {
				"start": { "line": 5, "column": 21 },
				"end": { "line": 7, "column": null }
			},
			"5": {
				"start": { "line": 9, "column": 2 },
				"end": { "line": 9, "column": null }
			},
			"6": {
				"start": { "line": 11, "column": 2 },
				"end": { "line": 11, "column": null }
			},
			"7": {
				"start": { "line": 12, "column": 2 },
				"end": { "line": 12, "column": null }
			},
			"8": {
				"start": { "line": 16, "column": 23 },
				"end": { "line": 44, "column": null }
			},
			"9": {
				"start": { "line": 26, "column": 4 },
				"end": { "line": 44, "column": null }
			},
			"10": {
				"start": { "line": 27, "column": 1 },
				"end": { "line": 43, "column": null }
			},
			"11": {
				"start": { "line": 28, "column": 2 },
				"end": { "line": 39, "column": null }
			},
			"12": {
				"start": { "line": 41, "column": 2 },
				"end": { "line": 41, "column": null }
			},
			"13": {
				"start": { "line": 42, "column": 2 },
				"end": { "line": 42, "column": null }
			},
			"14": {
				"start": { "line": 46, "column": 25 },
				"end": { "line": 73, "column": null }
			},
			"15": {
				"start": { "line": 55, "column": 4 },
				"end": { "line": 73, "column": null }
			},
			"16": {
				"start": { "line": 56, "column": 1 },
				"end": { "line": 72, "column": null }
			},
			"17": {
				"start": { "line": 57, "column": 28 },
				"end": { "line": 66, "column": null }
			},
			"18": {
				"start": { "line": 68, "column": 2 },
				"end": { "line": 68, "column": null }
			},
			"19": {
				"start": { "line": 70, "column": 2 },
				"end": { "line": 70, "column": null }
			},
			"20": {
				"start": { "line": 71, "column": 2 },
				"end": { "line": 71, "column": null }
			},
			"21": {
				"start": { "line": 75, "column": 32 },
				"end": { "line": 86, "column": null }
			},
			"22": {
				"start": { "line": 75, "column": 70 },
				"end": { "line": 86, "column": null }
			},
			"23": {
				"start": { "line": 76, "column": 1 },
				"end": { "line": 85, "column": null }
			},
			"24": {
				"start": { "line": 77, "column": 28 },
				"end": { "line": 79, "column": null }
			},
			"25": {
				"start": { "line": 81, "column": 2 },
				"end": { "line": 81, "column": null }
			},
			"26": {
				"start": { "line": 83, "column": 2 },
				"end": { "line": 83, "column": null }
			},
			"27": {
				"start": { "line": 84, "column": 2 },
				"end": { "line": 84, "column": null }
			},
			"28": {
				"start": { "line": 88, "column": 25 },
				"end": { "line": 99, "column": null }
			},
			"29": {
				"start": { "line": 88, "column": 46 },
				"end": { "line": 99, "column": null }
			},
			"30": {
				"start": { "line": 89, "column": 1 },
				"end": { "line": 98, "column": null }
			},
			"31": {
				"start": { "line": 90, "column": 2 },
				"end": { "line": 90, "column": null }
			},
			"32": {
				"start": { "line": 91, "column": 2 },
				"end": { "line": 91, "column": null }
			},
			"33": {
				"start": { "line": 92, "column": 2 },
				"end": { "line": 92, "column": null }
			},
			"34": {
				"start": { "line": 93, "column": 2 },
				"end": { "line": 93, "column": null }
			},
			"35": {
				"start": { "line": 95, "column": 2 },
				"end": { "line": 95, "column": null }
			},
			"36": {
				"start": { "line": 96, "column": 2 },
				"end": { "line": 96, "column": null }
			},
			"37": {
				"start": { "line": 97, "column": 2 },
				"end": { "line": 97, "column": null }
			},
			"38": {
				"start": { "line": 101, "column": 0 },
				"end": { "line": 107, "column": null }
			}
		},
		"fnMap": {
			"0": {
				"name": "(anonymous_8)",
				"decl": {
					"start": { "line": 3, "column": 22 },
					"end": { "line": 3, "column": 29 }
				},
				"loc": {
					"start": { "line": 3, "column": 47 },
					"end": { "line": 14, "column": null }
				}
			},
			"1": {
				"name": "(anonymous_9)",
				"decl": {
					"start": { "line": 3, "column": 47 },
					"end": { "line": 3, "column": null }
				},
				"loc": {
					"start": { "line": 3, "column": 47 },
					"end": { "line": 14, "column": 1 }
				}
			},
			"2": {
				"name": "(anonymous_10)",
				"decl": {
					"start": { "line": 16, "column": 23 },
					"end": { "line": 16, "column": null }
				},
				"loc": {
					"start": { "line": 26, "column": 4 },
					"end": { "line": 44, "column": null }
				}
			},
			"3": {
				"name": "(anonymous_11)",
				"decl": {
					"start": { "line": 26, "column": 4 },
					"end": { "line": 26, "column": null }
				},
				"loc": {
					"start": { "line": 26, "column": 4 },
					"end": { "line": 44, "column": 1 }
				}
			},
			"4": {
				"name": "(anonymous_12)",
				"decl": {
					"start": { "line": 46, "column": 25 },
					"end": { "line": 46, "column": null }
				},
				"loc": {
					"start": { "line": 55, "column": 4 },
					"end": { "line": 73, "column": null }
				}
			},
			"5": {
				"name": "(anonymous_13)",
				"decl": {
					"start": { "line": 55, "column": 4 },
					"end": { "line": 55, "column": null }
				},
				"loc": {
					"start": { "line": 55, "column": 4 },
					"end": { "line": 73, "column": 1 }
				}
			},
			"6": {
				"name": "(anonymous_14)",
				"decl": {
					"start": { "line": 75, "column": 32 },
					"end": { "line": 75, "column": 39 }
				},
				"loc": {
					"start": { "line": 75, "column": 70 },
					"end": { "line": 86, "column": null }
				}
			},
			"7": {
				"name": "(anonymous_15)",
				"decl": {
					"start": { "line": 75, "column": 70 },
					"end": { "line": 75, "column": null }
				},
				"loc": {
					"start": { "line": 75, "column": 70 },
					"end": { "line": 86, "column": 1 }
				}
			},
			"8": {
				"name": "(anonymous_16)",
				"decl": {
					"start": { "line": 88, "column": 25 },
					"end": { "line": 88, "column": 32 }
				},
				"loc": {
					"start": { "line": 88, "column": 46 },
					"end": { "line": 99, "column": null }
				}
			},
			"9": {
				"name": "(anonymous_17)",
				"decl": {
					"start": { "line": 88, "column": 46 },
					"end": { "line": 88, "column": null }
				},
				"loc": {
					"start": { "line": 88, "column": 46 },
					"end": { "line": 99, "column": 1 }
				}
			}
		},
		"branchMap": {},
		"s": {
			"0": 1,
			"1": 1,
			"2": 0,
			"3": 0,
			"4": 0,
			"5": 0,
			"6": 0,
			"7": 0,
			"8": 1,
			"9": 0,
			"10": 0,
			"11": 0,
			"12": 0,
			"13": 0,
			"14": 1,
			"15": 0,
			"16": 0,
			"17": 0,
			"18": 0,
			"19": 0,
			"20": 0,
			"21": 1,
			"22": 0,
			"23": 0,
			"24": 0,
			"25": 0,
			"26": 0,
			"27": 0,
			"28": 1,
			"29": 0,
			"30": 0,
			"31": 0,
			"32": 0,
			"33": 0,
			"34": 0,
			"35": 0,
			"36": 0,
			"37": 0,
			"38": 1
		},
		"f": {
			"0": 0,
			"1": 0,
			"2": 0,
			"3": 0,
			"4": 0,
			"5": 0,
			"6": 0,
			"7": 0,
			"8": 0,
			"9": 0
		},
		"b": {}
	},
	"/home/anahi/AssureSoft/softwareDevelopmentFundamentals/practice/src/services/user.service.ts": {
		"path": "/home/anahi/AssureSoft/softwareDevelopmentFundamentals/practice/src/services/user.service.ts",
		"statementMap": {
			"0": {
				"start": { "line": 1, "column": 0 },
				"end": { "line": 1, "column": 42 }
			},
			"1": {
				"start": { "line": 2, "column": 0 },
				"end": { "line": 2, "column": 52 }
			},
			"2": {
				"start": { "line": 4, "column": 17 },
				"end": { "line": 12, "column": null }
			},
			"3": {
				"start": { "line": 4, "column": 28 },
				"end": { "line": 12, "column": null }
			},
			"4": {
				"start": { "line": 5, "column": 1 },
				"end": { "line": 11, "column": null }
			},
			"5": {
				"start": { "line": 6, "column": 16 },
				"end": { "line": 6, "column": 58 }
			},
			"6": {
				"start": { "line": 7, "column": 2 },
				"end": { "line": 7, "column": null }
			},
			"7": {
				"start": { "line": 9, "column": 2 },
				"end": { "line": 9, "column": null }
			},
			"8": {
				"start": { "line": 10, "column": 2 },
				"end": { "line": 10, "column": null }
			},
			"9": {
				"start": { "line": 14, "column": 19 },
				"end": { "line": 24, "column": null }
			},
			"10": {
				"start": { "line": 14, "column": 40 },
				"end": { "line": 24, "column": null }
			},
			"11": {
				"start": { "line": 15, "column": 1 },
				"end": { "line": 23, "column": null }
			},
			"12": {
				"start": { "line": 16, "column": 15 },
				"end": { "line": 18, "column": 4 }
			},
			"13": {
				"start": { "line": 19, "column": 2 },
				"end": { "line": 19, "column": null }
			},
			"14": {
				"start": { "line": 21, "column": 2 },
				"end": { "line": 21, "column": null }
			},
			"15": {
				"start": { "line": 22, "column": 2 },
				"end": { "line": 22, "column": null }
			},
			"16": {
				"start": { "line": 26, "column": 17 },
				"end": { "line": 67, "column": null }
			},
			"17": {
				"start": { "line": 44, "column": 4 },
				"end": { "line": 67, "column": null }
			},
			"18": {
				"start": { "line": 45, "column": 1 },
				"end": { "line": 66, "column": null }
			},
			"19": {
				"start": { "line": 46, "column": 2 },
				"end": { "line": 46, "column": null }
			},
			"20": {
				"start": { "line": 47, "column": 21 },
				"end": { "line": 57, "column": null }
			},
			"21": {
				"start": { "line": 59, "column": 2 },
				"end": { "line": 59, "column": null }
			},
			"22": {
				"start": { "line": 60, "column": 19 },
				"end": { "line": 60, "column": 48 }
			},
			"23": {
				"start": { "line": 61, "column": 2 },
				"end": { "line": 61, "column": null }
			},
			"24": {
				"start": { "line": 63, "column": 2 },
				"end": { "line": 63, "column": null }
			},
			"25": {
				"start": { "line": 64, "column": 2 },
				"end": { "line": 64, "column": null }
			},
			"26": {
				"start": { "line": 65, "column": 2 },
				"end": { "line": 65, "column": null }
			},
			"27": {
				"start": { "line": 69, "column": 19 },
				"end": { "line": 96, "column": null }
			},
			"28": {
				"start": { "line": 77, "column": 5 },
				"end": { "line": 96, "column": null }
			},
			"29": {
				"start": { "line": 78, "column": 1 },
				"end": { "line": 95, "column": null }
			},
			"30": {
				"start": { "line": 79, "column": 22 },
				"end": { "line": 89, "column": null }
			},
			"31": {
				"start": { "line": 91, "column": 2 },
				"end": { "line": 91, "column": null }
			},
			"32": {
				"start": { "line": 93, "column": 2 },
				"end": { "line": 93, "column": null }
			},
			"33": {
				"start": { "line": 94, "column": 2 },
				"end": { "line": 94, "column": null }
			},
			"34": {
				"start": { "line": 98, "column": 19 },
				"end": { "line": 109, "column": null }
			},
			"35": {
				"start": { "line": 98, "column": 40 },
				"end": { "line": 109, "column": null }
			},
			"36": {
				"start": { "line": 99, "column": 1 },
				"end": { "line": 108, "column": null }
			},
			"37": {
				"start": { "line": 100, "column": 2 },
				"end": { "line": 100, "column": null }
			},
			"38": {
				"start": { "line": 101, "column": 2 },
				"end": { "line": 101, "column": null }
			},
			"39": {
				"start": { "line": 102, "column": 2 },
				"end": { "line": 102, "column": null }
			},
			"40": {
				"start": { "line": 103, "column": 2 },
				"end": { "line": 103, "column": null }
			},
			"41": {
				"start": { "line": 105, "column": 2 },
				"end": { "line": 105, "column": null }
			},
			"42": {
				"start": { "line": 106, "column": 2 },
				"end": { "line": 106, "column": null }
			},
			"43": {
				"start": { "line": 107, "column": 2 },
				"end": { "line": 107, "column": null }
			},
			"44": {
				"start": { "line": 111, "column": 18 },
				"end": { "line": 122, "column": null }
			},
			"45": {
				"start": { "line": 111, "column": 42 },
				"end": { "line": 122, "column": null }
			},
			"46": {
				"start": { "line": 112, "column": 1 },
				"end": { "line": 121, "column": null }
			},
			"47": {
				"start": { "line": 113, "column": 15 },
				"end": { "line": 115, "column": 4 }
			},
			"48": {
				"start": { "line": 116, "column": 2 },
				"end": { "line": 116, "column": null }
			},
			"49": {
				"start": { "line": 116, "column": 28 },
				"end": { "line": 116, "column": null }
			},
			"50": {
				"start": { "line": 117, "column": 2 },
				"end": { "line": 117, "column": null }
			},
			"51": {
				"start": { "line": 119, "column": 2 },
				"end": { "line": 119, "column": null }
			},
			"52": {
				"start": { "line": 120, "column": 2 },
				"end": { "line": 120, "column": null }
			},
			"53": {
				"start": { "line": 124, "column": 28 },
				"end": { "line": 135, "column": null }
			},
			"54": {
				"start": { "line": 124, "column": 53 },
				"end": { "line": 135, "column": null }
			},
			"55": {
				"start": { "line": 125, "column": 1 },
				"end": { "line": 134, "column": null }
			},
			"56": {
				"start": { "line": 126, "column": 27 },
				"end": { "line": 128, "column": null }
			},
			"57": {
				"start": { "line": 130, "column": 2 },
				"end": { "line": 130, "column": null }
			},
			"58": {
				"start": { "line": 132, "column": 2 },
				"end": { "line": 132, "column": null }
			},
			"59": {
				"start": { "line": 133, "column": 2 },
				"end": { "line": 133, "column": null }
			},
			"60": {
				"start": { "line": 137, "column": 0 },
				"end": { "line": 145, "column": null }
			}
		},
		"fnMap": {
			"0": {
				"name": "(anonymous_8)",
				"decl": {
					"start": { "line": 4, "column": 17 },
					"end": { "line": 4, "column": 26 }
				},
				"loc": {
					"start": { "line": 4, "column": 28 },
					"end": { "line": 12, "column": null }
				}
			},
			"1": {
				"name": "(anonymous_9)",
				"decl": {
					"start": { "line": 4, "column": 28 },
					"end": { "line": 4, "column": null }
				},
				"loc": {
					"start": { "line": 4, "column": 28 },
					"end": { "line": 12, "column": 1 }
				}
			},
			"2": {
				"name": "(anonymous_10)",
				"decl": {
					"start": { "line": 14, "column": 19 },
					"end": { "line": 14, "column": 26 }
				},
				"loc": {
					"start": { "line": 14, "column": 40 },
					"end": { "line": 24, "column": null }
				}
			},
			"3": {
				"name": "(anonymous_11)",
				"decl": {
					"start": { "line": 14, "column": 40 },
					"end": { "line": 14, "column": null }
				},
				"loc": {
					"start": { "line": 14, "column": 40 },
					"end": { "line": 24, "column": 1 }
				}
			},
			"4": {
				"name": "(anonymous_12)",
				"decl": {
					"start": { "line": 26, "column": 17 },
					"end": { "line": 26, "column": null }
				},
				"loc": {
					"start": { "line": 44, "column": 4 },
					"end": { "line": 67, "column": null }
				}
			},
			"5": {
				"name": "(anonymous_13)",
				"decl": {
					"start": { "line": 44, "column": 4 },
					"end": { "line": 44, "column": null }
				},
				"loc": {
					"start": { "line": 44, "column": 4 },
					"end": { "line": 67, "column": 1 }
				}
			},
			"6": {
				"name": "(anonymous_14)",
				"decl": {
					"start": { "line": 69, "column": 19 },
					"end": { "line": 69, "column": 26 }
				},
				"loc": {
					"start": { "line": 77, "column": 5 },
					"end": { "line": 96, "column": null }
				}
			},
			"7": {
				"name": "(anonymous_15)",
				"decl": {
					"start": { "line": 77, "column": 5 },
					"end": { "line": 77, "column": null }
				},
				"loc": {
					"start": { "line": 77, "column": 5 },
					"end": { "line": 96, "column": 1 }
				}
			},
			"8": {
				"name": "(anonymous_16)",
				"decl": {
					"start": { "line": 98, "column": 19 },
					"end": { "line": 98, "column": 26 }
				},
				"loc": {
					"start": { "line": 98, "column": 40 },
					"end": { "line": 109, "column": null }
				}
			},
			"9": {
				"name": "(anonymous_17)",
				"decl": {
					"start": { "line": 98, "column": 40 },
					"end": { "line": 98, "column": null }
				},
				"loc": {
					"start": { "line": 98, "column": 40 },
					"end": { "line": 109, "column": 1 }
				}
			},
			"10": {
				"name": "(anonymous_18)",
				"decl": {
					"start": { "line": 111, "column": 18 },
					"end": { "line": 111, "column": 25 }
				},
				"loc": {
					"start": { "line": 111, "column": 42 },
					"end": { "line": 122, "column": null }
				}
			},
			"11": {
				"name": "(anonymous_19)",
				"decl": {
					"start": { "line": 111, "column": 42 },
					"end": { "line": 111, "column": null }
				},
				"loc": {
					"start": { "line": 111, "column": 42 },
					"end": { "line": 122, "column": 1 }
				}
			},
			"12": {
				"name": "(anonymous_20)",
				"decl": {
					"start": { "line": 124, "column": 28 },
					"end": { "line": 124, "column": 35 }
				},
				"loc": {
					"start": { "line": 124, "column": 53 },
					"end": { "line": 135, "column": null }
				}
			},
			"13": {
				"name": "(anonymous_21)",
				"decl": {
					"start": { "line": 124, "column": 53 },
					"end": { "line": 124, "column": null }
				},
				"loc": {
					"start": { "line": 124, "column": 53 },
					"end": { "line": 135, "column": 1 }
				}
			}
		},
		"branchMap": {
			"0": {
				"loc": {
					"start": { "line": 116, "column": 2 },
					"end": { "line": 116, "column": null }
				},
				"type": "if",
				"locations": [
					{
						"start": { "line": 116, "column": 2 },
						"end": { "line": 116, "column": null }
					}
				]
			}
		},
		"s": {
			"0": 1,
			"1": 1,
			"2": 1,
			"3": 0,
			"4": 0,
			"5": 0,
			"6": 0,
			"7": 0,
			"8": 0,
			"9": 1,
			"10": 0,
			"11": 0,
			"12": 0,
			"13": 0,
			"14": 0,
			"15": 0,
			"16": 1,
			"17": 1,
			"18": 1,
			"19": 1,
			"20": 0,
			"21": 0,
			"22": 0,
			"23": 0,
			"24": 0,
			"25": 0,
			"26": 0,
			"27": 1,
			"28": 0,
			"29": 0,
			"30": 0,
			"31": 0,
			"32": 0,
			"33": 0,
			"34": 1,
			"35": 0,
			"36": 0,
			"37": 0,
			"38": 0,
			"39": 0,
			"40": 0,
			"41": 0,
			"42": 0,
			"43": 0,
			"44": 1,
			"45": 0,
			"46": 0,
			"47": 0,
			"48": 0,
			"49": 0,
			"50": 0,
			"51": 0,
			"52": 0,
			"53": 1,
			"54": 0,
			"55": 0,
			"56": 0,
			"57": 0,
			"58": 0,
			"59": 0,
			"60": 1
		},
		"f": {
			"0": 0,
			"1": 0,
			"2": 0,
			"3": 0,
			"4": 1,
			"5": 1,
			"6": 0,
			"7": 0,
			"8": 0,
			"9": 0,
			"10": 0,
			"11": 0,
			"12": 0,
			"13": 0
		},
		"b": { "0": [0] }
	}
}
