{"C:\\Users\\sharo\\Documents\\practice_1_sd\\Proyecto\\src\\index.ts": {"path":"C:\\Users\\sharo\\Documents\\practice_1_sd\\Proyecto\\src\\index.ts","statementMap":{"0":{"start":{"line":1,"column":0},"end":{"line":1,"column":null}},"1":{"start":{"line":2,"column":16},"end":{"line":2,"column":34}},"2":{"start":{"line":3,"column":12},"end":{"line":3,"column":43}},"3":{"start":{"line":4,"column":15},"end":{"line":4,"column":47}},"4":{"start":{"line":5,"column":14},"end":{"line":5,"column":44}},"5":{"start":{"line":6,"column":13},"end":{"line":6,"column":43}},"6":{"start":{"line":7,"column":16},"end":{"line":7,"column":49}},"7":{"start":{"line":8,"column":16},"end":{"line":8,"column":42}},"8":{"start":{"line":9,"column":13},"end":{"line":9,"column":34}},"9":{"start":{"line":10,"column":12},"end":{"line":10,"column":21}},"10":{"start":{"line":11,"column":13},"end":{"line":11,"column":37}},"11":{"start":{"line":13,"column":0},"end":{"line":13,"column":null}},"12":{"start":{"line":15,"column":0},"end":{"line":15,"column":null}},"13":{"start":{"line":16,"column":0},"end":{"line":16,"column":null}},"14":{"start":{"line":17,"column":0},"end":{"line":17,"column":null}},"15":{"start":{"line":18,"column":0},"end":{"line":18,"column":null}},"16":{"start":{"line":19,"column":0},"end":{"line":19,"column":null}},"17":{"start":{"line":20,"column":0},"end":{"line":20,"column":null}},"18":{"start":{"line":21,"column":0},"end":{"line":21,"column":null}},"19":{"start":{"line":22,"column":0},"end":{"line":22,"column":null}},"20":{"start":{"line":22,"column":25},"end":{"line":22,"column":61}},"21":{"start":{"line":23,"column":0},"end":{"line":23,"column":null}}},"fnMap":{"0":{"name":"(anonymous_0)","decl":{"start":{"line":22,"column":17},"end":{"line":22,"column":20}},"loc":{"start":{"line":22,"column":22},"end":{"line":22,"column":62}}}},"branchMap":{"0":{"loc":{"start":{"line":11,"column":13},"end":{"line":11,"column":37}},"type":"binary-expr","locations":[{"start":{"line":11,"column":13},"end":{"line":11,"column":29}},{"start":{"line":11,"column":33},"end":{"line":11,"column":37}}]}},"s":{"0":1,"1":1,"2":1,"3":1,"4":1,"5":1,"6":1,"7":1,"8":1,"9":1,"10":1,"11":1,"12":1,"13":1,"14":1,"15":1,"16":1,"17":1,"18":1,"19":1,"20":1,"21":1},"f":{"0":1},"b":{"0":[1,0]}}
,"C:\\Users\\sharo\\Documents\\practice_1_sd\\Proyecto\\src\\jwt\\auth.ts": {"path":"C:\\Users\\sharo\\Documents\\practice_1_sd\\Proyecto\\src\\jwt\\auth.ts","statementMap":{"0":{"start":{"line":1,"column":12},"end":{"line":1,"column":35}},"1":{"start":{"line":2,"column":15},"end":{"line":2,"column":26}},"2":{"start":{"line":4,"column":20},"end":{"line":16,"column":1}},"3":{"start":{"line":5,"column":16},"end":{"line":5,"column":45}},"4":{"start":{"line":6,"column":2},"end":{"line":8,"column":null}},"5":{"start":{"line":7,"column":4},"end":{"line":7,"column":null}},"6":{"start":{"line":9,"column":2},"end":{"line":15,"column":null}},"7":{"start":{"line":10,"column":20},"end":{"line":10,"column":51}},"8":{"start":{"line":11,"column":4},"end":{"line":11,"column":null}},"9":{"start":{"line":12,"column":4},"end":{"line":12,"column":null}},"10":{"start":{"line":14,"column":4},"end":{"line":14,"column":null}},"11":{"start":{"line":18,"column":0},"end":{"line":18,"column":null}}},"fnMap":{"0":{"name":"(anonymous_0)","decl":{"start":{"line":4,"column":20},"end":{"line":4,"column":21}},"loc":{"start":{"line":4,"column":79},"end":{"line":16,"column":1}}}},"branchMap":{"0":{"loc":{"start":{"line":6,"column":2},"end":{"line":8,"column":null}},"type":"if","locations":[{"start":{"line":6,"column":2},"end":{"line":8,"column":null}}]}},"s":{"0":1,"1":1,"2":1,"3":0,"4":0,"5":0,"6":0,"7":0,"8":0,"9":0,"10":0,"11":1},"f":{"0":0},"b":{"0":[0]}}
,"C:\\Users\\sharo\\Documents\\practice_1_sd\\Proyecto\\src\\postgres\\connection.ts": {"path":"C:\\Users\\sharo\\Documents\\practice_1_sd\\Proyecto\\src\\postgres\\connection.ts","statementMap":{"0":{"start":{"line":1,"column":0},"end":{"line":1,"column":null}},"1":{"start":{"line":3,"column":17},"end":{"line":3,"column":30}},"2":{"start":{"line":5,"column":15},"end":{"line":11,"column":2}},"3":{"start":{"line":12,"column":0},"end":{"line":12,"column":null}}},"fnMap":{},"branchMap":{},"s":{"0":1,"1":1,"2":1,"3":1},"f":{},"b":{}}
,"C:\\Users\\sharo\\Documents\\practice_1_sd\\Proyecto\\src\\routes\\login.route.ts": {"path":"C:\\Users\\sharo\\Documents\\practice_1_sd\\Proyecto\\src\\routes\\login.route.ts","statementMap":{"0":{"start":{"line":1,"column":21},"end":{"line":1,"column":57}},"1":{"start":{"line":2,"column":19},"end":{"line":2,"column":37}},"2":{"start":{"line":4,"column":14},"end":{"line":4,"column":22}},"3":{"start":{"line":6,"column":0},"end":{"line":9,"column":null}},"4":{"start":{"line":11,"column":0},"end":{"line":11,"column":null}}},"fnMap":{},"branchMap":{},"s":{"0":1,"1":1,"2":1,"3":1,"4":1},"f":{},"b":{}}
,"C:\\Users\\sharo\\Documents\\practice_1_sd\\Proyecto\\src\\routes\\sell.route.ts": {"path":"C:\\Users\\sharo\\Documents\\practice_1_sd\\Proyecto\\src\\routes\\sell.route.ts","statementMap":{"0":{"start":{"line":1,"column":20},"end":{"line":1,"column":55}},"1":{"start":{"line":2,"column":19},"end":{"line":2,"column":37}},"2":{"start":{"line":4,"column":14},"end":{"line":4,"column":22}},"3":{"start":{"line":6,"column":0},"end":{"line":12,"column":null}},"4":{"start":{"line":14,"column":0},"end":{"line":14,"column":null}}},"fnMap":{},"branchMap":{},"s":{"0":1,"1":1,"2":1,"3":1,"4":1},"f":{},"b":{}}
,"C:\\Users\\sharo\\Documents\\practice_1_sd\\Proyecto\\src\\routes\\stadium.route.ts": {"path":"C:\\Users\\sharo\\Documents\\practice_1_sd\\Proyecto\\src\\routes\\stadium.route.ts","statementMap":{"0":{"start":{"line":1,"column":23},"end":{"line":1,"column":61}},"1":{"start":{"line":2,"column":19},"end":{"line":2,"column":37}},"2":{"start":{"line":4,"column":14},"end":{"line":4,"column":22}},"3":{"start":{"line":6,"column":0},"end":{"line":10,"column":null}},"4":{"start":{"line":12,"column":0},"end":{"line":12,"column":null}}},"fnMap":{},"branchMap":{},"s":{"0":1,"1":1,"2":1,"3":1,"4":1},"f":{},"b":{}}
,"C:\\Users\\sharo\\Documents\\practice_1_sd\\Proyecto\\src\\routes\\ticket.route.ts": {"path":"C:\\Users\\sharo\\Documents\\practice_1_sd\\Proyecto\\src\\routes\\ticket.route.ts","statementMap":{"0":{"start":{"line":1,"column":22},"end":{"line":1,"column":59}},"1":{"start":{"line":2,"column":19},"end":{"line":2,"column":37}},"2":{"start":{"line":4,"column":14},"end":{"line":4,"column":22}},"3":{"start":{"line":6,"column":0},"end":{"line":10,"column":null}},"4":{"start":{"line":12,"column":0},"end":{"line":12,"column":null}}},"fnMap":{},"branchMap":{},"s":{"0":1,"1":1,"2":1,"3":1,"4":1},"f":{},"b":{}}
,"C:\\Users\\sharo\\Documents\\practice_1_sd\\Proyecto\\src\\routes\\user.route.ts": {"path":"C:\\Users\\sharo\\Documents\\practice_1_sd\\Proyecto\\src\\routes\\user.route.ts","statementMap":{"0":{"start":{"line":1,"column":20},"end":{"line":1,"column":55}},"1":{"start":{"line":2,"column":19},"end":{"line":2,"column":37}},"2":{"start":{"line":4,"column":14},"end":{"line":4,"column":22}},"3":{"start":{"line":6,"column":0},"end":{"line":10,"column":null}},"4":{"start":{"line":12,"column":0},"end":{"line":12,"column":null}}},"fnMap":{},"branchMap":{},"s":{"0":1,"1":1,"2":1,"3":1,"4":1},"f":{},"b":{}}
,"C:\\Users\\sharo\\Documents\\practice_1_sd\\Proyecto\\src\\security\\encryption.ts": {"path":"C:\\Users\\sharo\\Documents\\practice_1_sd\\Proyecto\\src\\security\\encryption.ts","statementMap":{"0":{"start":{"line":1,"column":0},"end":{"line":1,"column":null}},"1":{"start":{"line":3,"column":0},"end":{"line":3,"column":27}},"2":{"start":{"line":5,"column":24},"end":{"line":8,"column":1}},"3":{"start":{"line":6,"column":17},"end":{"line":6,"column":19}},"4":{"start":{"line":7,"column":4},"end":{"line":7,"column":43}},"5":{"start":{"line":9,"column":25},"end":{"line":11,"column":1}},"6":{"start":{"line":10,"column":4},"end":{"line":10,"column":null}},"7":{"start":{"line":13,"column":0},"end":{"line":13,"column":null}}},"fnMap":{"0":{"name":"(anonymous_1)","decl":{"start":{"line":5,"column":24},"end":{"line":5,"column":25}},"loc":{"start":{"line":5,"column":53},"end":{"line":8,"column":1}}},"1":{"name":"(anonymous_2)","decl":{"start":{"line":9,"column":25},"end":{"line":9,"column":26}},"loc":{"start":{"line":9,"column":89},"end":{"line":11,"column":1}}}},"branchMap":{},"s":{"0":1,"1":1,"2":1,"3":1,"4":1,"5":1,"6":0,"7":1},"f":{"0":1,"1":0},"b":{}}
,"C:\\Users\\sharo\\Documents\\practice_1_sd\\Proyecto\\src\\services\\login.service.ts": {"path":"C:\\Users\\sharo\\Documents\\practice_1_sd\\Proyecto\\src\\services\\login.service.ts","statementMap":{"0":{"start":{"line":1,"column":13},"end":{"line":1,"column":36}},"1":{"start":{"line":2,"column":15},"end":{"line":2,"column":48}},"2":{"start":{"line":3,"column":16},"end":{"line":3,"column":49}},"3":{"start":{"line":5,"column":14},"end":{"line":30,"column":null}},"4":{"start":{"line":5,"column":68},"end":{"line":30,"column":null}},"5":{"start":{"line":6,"column":32},"end":{"line":6,"column":40}},"6":{"start":{"line":7,"column":4},"end":{"line":29,"column":null}},"7":{"start":{"line":8,"column":26},"end":{"line":8,"column":99}},"8":{"start":{"line":9,"column":8},"end":{"line":11,"column":null}},"9":{"start":{"line":10,"column":12},"end":{"line":10,"column":null}},"10":{"start":{"line":12,"column":8},"end":{"line":14,"column":null}},"11":{"start":{"line":13,"column":12},"end":{"line":13,"column":null}},"12":{"start":{"line":15,"column":22},"end":{"line":20,"column":null}},"13":{"start":{"line":22,"column":8},"end":{"line":26,"column":null}},"14":{"start":{"line":28,"column":8},"end":{"line":28,"column":null}},"15":{"start":{"line":31,"column":13},"end":{"line":37,"column":1}},"16":{"start":{"line":32,"column":4},"end":{"line":36,"column":null}},"17":{"start":{"line":33,"column":8},"end":{"line":33,"column":null}},"18":{"start":{"line":35,"column":8},"end":{"line":35,"column":null}},"19":{"start":{"line":38,"column":16},"end":{"line":40,"column":1}},"20":{"start":{"line":39,"column":4},"end":{"line":39,"column":null}},"21":{"start":{"line":42,"column":0},"end":{"line":44,"column":null}}},"fnMap":{"0":{"name":"(anonymous_7)","decl":{"start":{"line":5,"column":14},"end":{"line":5,"column":21}},"loc":{"start":{"line":5,"column":68},"end":{"line":30,"column":null}}},"1":{"name":"(anonymous_8)","decl":{"start":{"line":5,"column":68},"end":{"line":5,"column":null}},"loc":{"start":{"line":5,"column":68},"end":{"line":30,"column":1}}},"2":{"name":"(anonymous_9)","decl":{"start":{"line":31,"column":13},"end":{"line":31,"column":14}},"loc":{"start":{"line":31,"column":61},"end":{"line":37,"column":1}}},"3":{"name":"(anonymous_10)","decl":{"start":{"line":38,"column":16},"end":{"line":38,"column":17}},"loc":{"start":{"line":38,"column":64},"end":{"line":40,"column":1}}}},"branchMap":{"0":{"loc":{"start":{"line":7,"column":4},"end":{"line":29,"column":null}},"type":"if","locations":[{"start":{"line":7,"column":4},"end":{"line":29,"column":null}},{"start":{"line":27,"column":11},"end":{"line":29,"column":null}}]},"1":{"loc":{"start":{"line":7,"column":8},"end":{"line":7,"column":25}},"type":"binary-expr","locations":[{"start":{"line":7,"column":8},"end":{"line":7,"column":13}},{"start":{"line":7,"column":17},"end":{"line":7,"column":25}}]},"2":{"loc":{"start":{"line":9,"column":8},"end":{"line":11,"column":null}},"type":"if","locations":[{"start":{"line":9,"column":8},"end":{"line":11,"column":null}}]},"3":{"loc":{"start":{"line":12,"column":8},"end":{"line":14,"column":null}},"type":"if","locations":[{"start":{"line":12,"column":8},"end":{"line":14,"column":null}}]},"4":{"loc":{"start":{"line":32,"column":4},"end":{"line":36,"column":null}},"type":"if","locations":[{"start":{"line":32,"column":4},"end":{"line":36,"column":null}},{"start":{"line":34,"column":11},"end":{"line":36,"column":null}}]}},"s":{"0":1,"1":1,"2":1,"3":1,"4":0,"5":0,"6":0,"7":0,"8":0,"9":0,"10":0,"11":0,"12":0,"13":0,"14":0,"15":1,"16":0,"17":0,"18":0,"19":1,"20":0,"21":1},"f":{"0":0,"1":0,"2":0,"3":0},"b":{"0":[0,0],"1":[0,0],"2":[0],"3":[0],"4":[0,0]}}
,"C:\\Users\\sharo\\Documents\\practice_1_sd\\Proyecto\\src\\services\\sell.service.ts": {"path":"C:\\Users\\sharo\\Documents\\practice_1_sd\\Proyecto\\src\\services\\sell.service.ts","statementMap":{"0":{"start":{"line":1,"column":24},"end":{"line":1,"column":37}},"1":{"start":{"line":2,"column":15},"end":{"line":2,"column":48}},"2":{"start":{"line":3,"column":15},"end":{"line":3,"column":42}},"3":{"start":{"line":4,"column":15},"end":{"line":4,"column":48}},"4":{"start":{"line":6,"column":24},"end":{"line":32,"column":null}},"5":{"start":{"line":6,"column":79},"end":{"line":32,"column":null}},"6":{"start":{"line":7,"column":4},"end":{"line":31,"column":null}},"7":{"start":{"line":8,"column":8},"end":{"line":8,"column":null}},"8":{"start":{"line":12,"column":14},"end":{"line":12,"column":16}},"9":{"start":{"line":13,"column":26},"end":{"line":13,"column":67}},"10":{"start":{"line":14,"column":8},"end":{"line":24,"column":null}},"11":{"start":{"line":14,"column":25},"end":{"line":14,"column":26}},"12":{"start":{"line":15,"column":28},"end":{"line":15,"column":68}},"13":{"start":{"line":16,"column":32},"end":{"line":17,"column":26}},"14":{"start":{"line":18,"column":12},"end":{"line":23,"column":null}},"15":{"start":{"line":25,"column":8},"end":{"line":25,"column":null}},"16":{"start":{"line":26,"column":8},"end":{"line":26,"column":null}},"17":{"start":{"line":28,"column":8},"end":{"line":28,"column":null}},"18":{"start":{"line":29,"column":8},"end":{"line":29,"column":null}},"19":{"start":{"line":30,"column":8},"end":{"line":30,"column":null}},"20":{"start":{"line":33,"column":28},"end":{"line":57,"column":null}},"21":{"start":{"line":33,"column":82},"end":{"line":57,"column":null}},"22":{"start":{"line":34,"column":15},"end":{"line":34,"column":38}},"23":{"start":{"line":35,"column":4},"end":{"line":56,"column":null}},"24":{"start":{"line":36,"column":8},"end":{"line":36,"column":null}},"25":{"start":{"line":40,"column":14},"end":{"line":40,"column":16}},"26":{"start":{"line":41,"column":21},"end":{"line":41,"column":86}},"27":{"start":{"line":42,"column":8},"end":{"line":42,"column":null}},"28":{"start":{"line":43,"column":28},"end":{"line":43,"column":94}},"29":{"start":{"line":44,"column":8},"end":{"line":49,"column":null}},"30":{"start":{"line":50,"column":8},"end":{"line":50,"column":null}},"31":{"start":{"line":51,"column":8},"end":{"line":51,"column":null}},"32":{"start":{"line":53,"column":8},"end":{"line":53,"column":null}},"33":{"start":{"line":54,"column":8},"end":{"line":54,"column":null}},"34":{"start":{"line":55,"column":8},"end":{"line":55,"column":null}},"35":{"start":{"line":58,"column":19},"end":{"line":73,"column":null}},"36":{"start":{"line":58,"column":73},"end":{"line":73,"column":null}},"37":{"start":{"line":59,"column":20},"end":{"line":59,"column":43}},"38":{"start":{"line":60,"column":4},"end":{"line":72,"column":null}},"39":{"start":{"line":61,"column":24},"end":{"line":62,"column":57}},"40":{"start":{"line":63,"column":8},"end":{"line":68,"column":null}},"41":{"start":{"line":64,"column":12},"end":{"line":64,"column":null}},"42":{"start":{"line":66,"column":12},"end":{"line":67,"column":null}},"43":{"start":{"line":70,"column":8},"end":{"line":70,"column":null}},"44":{"start":{"line":71,"column":8},"end":{"line":71,"column":null}},"45":{"start":{"line":74,"column":19},"end":{"line":119,"column":null}},"46":{"start":{"line":74,"column":73},"end":{"line":119,"column":null}},"47":{"start":{"line":75,"column":44},"end":{"line":75,"column":52}},"48":{"start":{"line":76,"column":59},"end":{"line":76,"column":66}},"49":{"start":{"line":77,"column":24},"end":{"line":77,"column":59}},"50":{"start":{"line":78,"column":16},"end":{"line":78,"column":18}},"51":{"start":{"line":79,"column":16},"end":{"line":79,"column":17}},"52":{"start":{"line":80,"column":26},"end":{"line":80,"column":30}},"53":{"start":{"line":81,"column":4},"end":{"line":83,"column":null}},"54":{"start":{"line":82,"column":8},"end":{"line":82,"column":null}},"55":{"start":{"line":84,"column":4},"end":{"line":87,"column":null}},"56":{"start":{"line":84,"column":17},"end":{"line":84,"column":18}},"57":{"start":{"line":85,"column":8},"end":{"line":85,"column":null}},"58":{"start":{"line":86,"column":8},"end":{"line":86,"column":null}},"59":{"start":{"line":86,"column":75},"end":{"line":86,"column":null}},"60":{"start":{"line":88,"column":4},"end":{"line":90,"column":null}},"61":{"start":{"line":89,"column":8},"end":{"line":89,"column":null}},"62":{"start":{"line":91,"column":4},"end":{"line":93,"column":null}},"63":{"start":{"line":92,"column":8},"end":{"line":92,"column":null}},"64":{"start":{"line":94,"column":4},"end":{"line":118,"column":null}},"65":{"start":{"line":96,"column":21},"end":{"line":96,"column":98}},"66":{"start":{"line":97,"column":8},"end":{"line":99,"column":null}},"67":{"start":{"line":98,"column":12},"end":{"line":98,"column":null}},"68":{"start":{"line":100,"column":22},"end":{"line":101,"column":33}},"69":{"start":{"line":102,"column":8},"end":{"line":111,"column":null}},"70":{"start":{"line":102,"column":25},"end":{"line":102,"column":26}},"71":{"start":{"line":103,"column":12},"end":{"line":104,"column":null}},"72":{"start":{"line":105,"column":12},"end":{"line":106,"column":null}},"73":{"start":{"line":107,"column":26},"end":{"line":108,"column":39}},"74":{"start":{"line":109,"column":12},"end":{"line":110,"column":null}},"75":{"start":{"line":112,"column":8},"end":{"line":112,"column":null}},"76":{"start":{"line":116,"column":8},"end":{"line":116,"column":null}},"77":{"start":{"line":117,"column":8},"end":{"line":117,"column":null}},"78":{"start":{"line":120,"column":19},"end":{"line":148,"column":null}},"79":{"start":{"line":120,"column":73},"end":{"line":148,"column":null}},"80":{"start":{"line":121,"column":15},"end":{"line":121,"column":38}},"81":{"start":{"line":122,"column":24},"end":{"line":122,"column":59}},"82":{"start":{"line":123,"column":4},"end":{"line":147,"column":null}},"83":{"start":{"line":124,"column":8},"end":{"line":124,"column":null}},"84":{"start":{"line":125,"column":22},"end":{"line":125,"column":96}},"85":{"start":{"line":126,"column":8},"end":{"line":128,"column":null}},"86":{"start":{"line":127,"column":12},"end":{"line":127,"column":null}},"87":{"start":{"line":129,"column":8},"end":{"line":132,"column":null}},"88":{"start":{"line":133,"column":23},"end":{"line":134,"column":69}},"89":{"start":{"line":135,"column":8},"end":{"line":138,"column":null}},"90":{"start":{"line":135,"column":21},"end":{"line":135,"column":22}},"91":{"start":{"line":136,"column":12},"end":{"line":137,"column":null}},"92":{"start":{"line":139,"column":8},"end":{"line":139,"column":null}},"93":{"start":{"line":140,"column":8},"end":{"line":140,"column":null}},"94":{"start":{"line":141,"column":8},"end":{"line":141,"column":null}},"95":{"start":{"line":142,"column":8},"end":{"line":142,"column":null}},"96":{"start":{"line":144,"column":8},"end":{"line":144,"column":null}},"97":{"start":{"line":145,"column":8},"end":{"line":145,"column":null}},"98":{"start":{"line":146,"column":8},"end":{"line":146,"column":null}},"99":{"start":{"line":149,"column":24},"end":{"line":184,"column":null}},"100":{"start":{"line":149,"column":78},"end":{"line":184,"column":null}},"101":{"start":{"line":150,"column":15},"end":{"line":150,"column":38}},"102":{"start":{"line":151,"column":24},"end":{"line":151,"column":59}},"103":{"start":{"line":152,"column":4},"end":{"line":183,"column":null}},"104":{"start":{"line":153,"column":8},"end":{"line":179,"column":null}},"105":{"start":{"line":154,"column":70},"end":{"line":179,"column":14}},"106":{"start":{"line":155,"column":16},"end":{"line":157,"column":null}},"107":{"start":{"line":156,"column":20},"end":{"line":156,"column":null}},"108":{"start":{"line":158,"column":16},"end":{"line":160,"column":null}},"109":{"start":{"line":159,"column":20},"end":{"line":159,"column":null}},"110":{"start":{"line":161,"column":16},"end":{"line":166,"column":null}},"111":{"start":{"line":167,"column":30},"end":{"line":167,"column":101}},"112":{"start":{"line":168,"column":16},"end":{"line":177,"column":null}},"113":{"start":{"line":168,"column":29},"end":{"line":168,"column":30}},"114":{"start":{"line":169,"column":36},"end":{"line":169,"column":129}},"115":{"start":{"line":170,"column":20},"end":{"line":174,"column":null}},"116":{"start":{"line":170,"column":33},"end":{"line":170,"column":34}},"117":{"start":{"line":171,"column":24},"end":{"line":173,"column":null}},"118":{"start":{"line":175,"column":20},"end":{"line":175,"column":null}},"119":{"start":{"line":176,"column":20},"end":{"line":176,"column":null}},"120":{"start":{"line":178,"column":16},"end":{"line":178,"column":null}},"121":{"start":{"line":181,"column":8},"end":{"line":181,"column":null}},"122":{"start":{"line":182,"column":8},"end":{"line":182,"column":null}},"123":{"start":{"line":185,"column":19},"end":{"line":199,"column":null}},"124":{"start":{"line":185,"column":73},"end":{"line":199,"column":null}},"125":{"start":{"line":186,"column":15},"end":{"line":186,"column":38}},"126":{"start":{"line":187,"column":30},"end":{"line":187,"column":67}},"127":{"start":{"line":188,"column":4},"end":{"line":198,"column":null}},"128":{"start":{"line":189,"column":8},"end":{"line":189,"column":null}},"129":{"start":{"line":190,"column":8},"end":{"line":190,"column":null}},"130":{"start":{"line":191,"column":8},"end":{"line":191,"column":null}},"131":{"start":{"line":192,"column":8},"end":{"line":192,"column":null}},"132":{"start":{"line":193,"column":8},"end":{"line":193,"column":null}},"133":{"start":{"line":195,"column":8},"end":{"line":195,"column":null}},"134":{"start":{"line":196,"column":8},"end":{"line":196,"column":null}},"135":{"start":{"line":197,"column":8},"end":{"line":197,"column":null}},"136":{"start":{"line":201,"column":0},"end":{"line":204,"column":null}}},"fnMap":{"0":{"name":"(anonymous_7)","decl":{"start":{"line":6,"column":24},"end":{"line":6,"column":31}},"loc":{"start":{"line":6,"column":79},"end":{"line":32,"column":null}}},"1":{"name":"(anonymous_8)","decl":{"start":{"line":6,"column":79},"end":{"line":6,"column":null}},"loc":{"start":{"line":6,"column":79},"end":{"line":32,"column":1}}},"2":{"name":"(anonymous_9)","decl":{"start":{"line":33,"column":28},"end":{"line":33,"column":35}},"loc":{"start":{"line":33,"column":82},"end":{"line":57,"column":null}}},"3":{"name":"(anonymous_10)","decl":{"start":{"line":33,"column":82},"end":{"line":33,"column":null}},"loc":{"start":{"line":33,"column":82},"end":{"line":57,"column":1}}},"4":{"name":"(anonymous_11)","decl":{"start":{"line":58,"column":19},"end":{"line":58,"column":26}},"loc":{"start":{"line":58,"column":73},"end":{"line":73,"column":null}}},"5":{"name":"(anonymous_12)","decl":{"start":{"line":58,"column":73},"end":{"line":58,"column":null}},"loc":{"start":{"line":58,"column":73},"end":{"line":73,"column":1}}},"6":{"name":"(anonymous_13)","decl":{"start":{"line":74,"column":19},"end":{"line":74,"column":26}},"loc":{"start":{"line":74,"column":73},"end":{"line":119,"column":null}}},"7":{"name":"(anonymous_14)","decl":{"start":{"line":74,"column":73},"end":{"line":74,"column":null}},"loc":{"start":{"line":74,"column":73},"end":{"line":119,"column":1}}},"8":{"name":"(anonymous_15)","decl":{"start":{"line":120,"column":19},"end":{"line":120,"column":26}},"loc":{"start":{"line":120,"column":73},"end":{"line":148,"column":null}}},"9":{"name":"(anonymous_16)","decl":{"start":{"line":120,"column":73},"end":{"line":120,"column":null}},"loc":{"start":{"line":120,"column":73},"end":{"line":148,"column":1}}},"10":{"name":"(anonymous_17)","decl":{"start":{"line":149,"column":24},"end":{"line":149,"column":31}},"loc":{"start":{"line":149,"column":78},"end":{"line":184,"column":null}}},"11":{"name":"(anonymous_18)","decl":{"start":{"line":149,"column":78},"end":{"line":149,"column":null}},"loc":{"start":{"line":149,"column":78},"end":{"line":184,"column":1}}},"12":{"name":"(anonymous_19)","decl":{"start":{"line":154,"column":18},"end":{"line":154,"column":25}},"loc":{"start":{"line":154,"column":70},"end":{"line":179,"column":14}}},"13":{"name":"(anonymous_20)","decl":{"start":{"line":154,"column":70},"end":{"line":154,"column":null}},"loc":{"start":{"line":154,"column":70},"end":{"line":179,"column":13}}},"14":{"name":"(anonymous_21)","decl":{"start":{"line":185,"column":19},"end":{"line":185,"column":26}},"loc":{"start":{"line":185,"column":73},"end":{"line":199,"column":null}}},"15":{"name":"(anonymous_22)","decl":{"start":{"line":185,"column":73},"end":{"line":185,"column":null}},"loc":{"start":{"line":185,"column":73},"end":{"line":199,"column":1}}}},"branchMap":{"0":{"loc":{"start":{"line":63,"column":8},"end":{"line":68,"column":null}},"type":"if","locations":[{"start":{"line":63,"column":8},"end":{"line":68,"column":null}},{"start":{"line":65,"column":15},"end":{"line":68,"column":null}}]},"1":{"loc":{"start":{"line":81,"column":4},"end":{"line":83,"column":null}},"type":"if","locations":[{"start":{"line":81,"column":4},"end":{"line":83,"column":null}}]},"2":{"loc":{"start":{"line":81,"column":8},"end":{"line":81,"column":42}},"type":"binary-expr","locations":[{"start":{"line":81,"column":8},"end":{"line":81,"column":16}},{"start":{"line":81,"column":20},"end":{"line":81,"column":30}},{"start":{"line":81,"column":34},"end":{"line":81,"column":42}}]},"3":{"loc":{"start":{"line":86,"column":8},"end":{"line":86,"column":null}},"type":"if","locations":[{"start":{"line":86,"column":8},"end":{"line":86,"column":null}}]},"4":{"loc":{"start":{"line":88,"column":4},"end":{"line":90,"column":null}},"type":"if","locations":[{"start":{"line":88,"column":4},"end":{"line":90,"column":null}}]},"5":{"loc":{"start":{"line":91,"column":4},"end":{"line":93,"column":null}},"type":"if","locations":[{"start":{"line":91,"column":4},"end":{"line":93,"column":null}}]},"6":{"loc":{"start":{"line":97,"column":8},"end":{"line":99,"column":null}},"type":"if","locations":[{"start":{"line":97,"column":8},"end":{"line":99,"column":null}}]},"7":{"loc":{"start":{"line":126,"column":8},"end":{"line":128,"column":null}},"type":"if","locations":[{"start":{"line":126,"column":8},"end":{"line":128,"column":null}}]},"8":{"loc":{"start":{"line":155,"column":16},"end":{"line":157,"column":null}},"type":"if","locations":[{"start":{"line":155,"column":16},"end":{"line":157,"column":null}}]},"9":{"loc":{"start":{"line":158,"column":16},"end":{"line":160,"column":null}},"type":"if","locations":[{"start":{"line":158,"column":16},"end":{"line":160,"column":null}}]}},"s":{"0":1,"1":1,"2":1,"3":1,"4":1,"5":0,"6":0,"7":0,"8":0,"9":0,"10":0,"11":0,"12":0,"13":0,"14":0,"15":0,"16":0,"17":0,"18":0,"19":0,"20":1,"21":0,"22":0,"23":0,"24":0,"25":0,"26":0,"27":0,"28":0,"29":0,"30":0,"31":0,"32":0,"33":0,"34":0,"35":1,"36":0,"37":0,"38":0,"39":0,"40":0,"41":0,"42":0,"43":0,"44":0,"45":1,"46":0,"47":0,"48":0,"49":0,"50":0,"51":0,"52":0,"53":0,"54":0,"55":0,"56":0,"57":0,"58":0,"59":0,"60":0,"61":0,"62":0,"63":0,"64":0,"65":0,"66":0,"67":0,"68":0,"69":0,"70":0,"71":0,"72":0,"73":0,"74":0,"75":0,"76":0,"77":0,"78":1,"79":0,"80":0,"81":0,"82":0,"83":0,"84":0,"85":0,"86":0,"87":0,"88":0,"89":0,"90":0,"91":0,"92":0,"93":0,"94":0,"95":0,"96":0,"97":0,"98":0,"99":1,"100":0,"101":0,"102":0,"103":0,"104":0,"105":0,"106":0,"107":0,"108":0,"109":0,"110":0,"111":0,"112":0,"113":0,"114":0,"115":0,"116":0,"117":0,"118":0,"119":0,"120":0,"121":0,"122":0,"123":1,"124":0,"125":0,"126":0,"127":0,"128":0,"129":0,"130":0,"131":0,"132":0,"133":0,"134":0,"135":0,"136":1},"f":{"0":0,"1":0,"2":0,"3":0,"4":0,"5":0,"6":0,"7":0,"8":0,"9":0,"10":0,"11":0,"12":0,"13":0,"14":0,"15":0},"b":{"0":[0,0],"1":[0],"2":[0,0,0],"3":[0],"4":[0],"5":[0],"6":[0],"7":[0],"8":[0],"9":[0]}}
,"C:\\Users\\sharo\\Documents\\practice_1_sd\\Proyecto\\src\\services\\stadium.service.ts": {"path":"C:\\Users\\sharo\\Documents\\practice_1_sd\\Proyecto\\src\\services\\stadium.service.ts","statementMap":{"0":{"start":{"line":1,"column":24},"end":{"line":1,"column":37}},"1":{"start":{"line":2,"column":15},"end":{"line":2,"column":48}},"2":{"start":{"line":3,"column":15},"end":{"line":3,"column":48}},"3":{"start":{"line":5,"column":20},"end":{"line":13,"column":null}},"4":{"start":{"line":5,"column":75},"end":{"line":13,"column":null}},"5":{"start":{"line":6,"column":4},"end":{"line":12,"column":null}},"6":{"start":{"line":7,"column":25},"end":{"line":7,"column":68}},"7":{"start":{"line":8,"column":8},"end":{"line":8,"column":null}},"8":{"start":{"line":10,"column":8},"end":{"line":10,"column":null}},"9":{"start":{"line":11,"column":8},"end":{"line":11,"column":null}},"10":{"start":{"line":14,"column":22},"end":{"line":29,"column":null}},"11":{"start":{"line":14,"column":76},"end":{"line":29,"column":null}},"12":{"start":{"line":15,"column":38},"end":{"line":15,"column":46}},"13":{"start":{"line":16,"column":26},"end":{"line":16,"column":66}},"14":{"start":{"line":17,"column":4},"end":{"line":19,"column":null}},"15":{"start":{"line":18,"column":8},"end":{"line":18,"column":null}},"16":{"start":{"line":20,"column":4},"end":{"line":28,"column":null}},"17":{"start":{"line":21,"column":24},"end":{"line":22,"column":62}},"18":{"start":{"line":23,"column":8},"end":{"line":24,"column":null}},"19":{"start":{"line":26,"column":8},"end":{"line":26,"column":null}},"20":{"start":{"line":27,"column":8},"end":{"line":27,"column":null}},"21":{"start":{"line":30,"column":22},"end":{"line":49,"column":null}},"22":{"start":{"line":30,"column":76},"end":{"line":49,"column":null}},"23":{"start":{"line":31,"column":15},"end":{"line":31,"column":38}},"24":{"start":{"line":32,"column":38},"end":{"line":32,"column":46}},"25":{"start":{"line":33,"column":33},"end":{"line":33,"column":72}},"26":{"start":{"line":34,"column":4},"end":{"line":36,"column":null}},"27":{"start":{"line":35,"column":8},"end":{"line":35,"column":null}},"28":{"start":{"line":37,"column":4},"end":{"line":48,"column":null}},"29":{"start":{"line":38,"column":24},"end":{"line":38,"column":102}},"30":{"start":{"line":39,"column":8},"end":{"line":41,"column":null}},"31":{"start":{"line":40,"column":12},"end":{"line":40,"column":null}},"32":{"start":{"line":42,"column":8},"end":{"line":43,"column":null}},"33":{"start":{"line":44,"column":8},"end":{"line":44,"column":null}},"34":{"start":{"line":46,"column":8},"end":{"line":46,"column":null}},"35":{"start":{"line":47,"column":8},"end":{"line":47,"column":null}},"36":{"start":{"line":50,"column":22},"end":{"line":65,"column":null}},"37":{"start":{"line":50,"column":76},"end":{"line":65,"column":null}},"38":{"start":{"line":51,"column":15},"end":{"line":51,"column":38}},"39":{"start":{"line":52,"column":25},"end":{"line":52,"column":63}},"40":{"start":{"line":53,"column":4},"end":{"line":64,"column":null}},"41":{"start":{"line":54,"column":25},"end":{"line":54,"column":103}},"42":{"start":{"line":55,"column":8},"end":{"line":57,"column":null}},"43":{"start":{"line":56,"column":12},"end":{"line":56,"column":null}},"44":{"start":{"line":58,"column":8},"end":{"line":58,"column":null}},"45":{"start":{"line":59,"column":8},"end":{"line":59,"column":null}},"46":{"start":{"line":62,"column":8},"end":{"line":62,"column":null}},"47":{"start":{"line":63,"column":8},"end":{"line":63,"column":null}},"48":{"start":{"line":67,"column":0},"end":{"line":69,"column":null}}},"fnMap":{"0":{"name":"(anonymous_7)","decl":{"start":{"line":5,"column":20},"end":{"line":5,"column":27}},"loc":{"start":{"line":5,"column":75},"end":{"line":13,"column":null}}},"1":{"name":"(anonymous_8)","decl":{"start":{"line":5,"column":75},"end":{"line":5,"column":null}},"loc":{"start":{"line":5,"column":75},"end":{"line":13,"column":1}}},"2":{"name":"(anonymous_9)","decl":{"start":{"line":14,"column":22},"end":{"line":14,"column":29}},"loc":{"start":{"line":14,"column":76},"end":{"line":29,"column":null}}},"3":{"name":"(anonymous_10)","decl":{"start":{"line":14,"column":76},"end":{"line":14,"column":null}},"loc":{"start":{"line":14,"column":76},"end":{"line":29,"column":1}}},"4":{"name":"(anonymous_11)","decl":{"start":{"line":30,"column":22},"end":{"line":30,"column":29}},"loc":{"start":{"line":30,"column":76},"end":{"line":49,"column":null}}},"5":{"name":"(anonymous_12)","decl":{"start":{"line":30,"column":76},"end":{"line":30,"column":null}},"loc":{"start":{"line":30,"column":76},"end":{"line":49,"column":1}}},"6":{"name":"(anonymous_13)","decl":{"start":{"line":50,"column":22},"end":{"line":50,"column":29}},"loc":{"start":{"line":50,"column":76},"end":{"line":65,"column":null}}},"7":{"name":"(anonymous_14)","decl":{"start":{"line":50,"column":76},"end":{"line":50,"column":null}},"loc":{"start":{"line":50,"column":76},"end":{"line":65,"column":1}}}},"branchMap":{"0":{"loc":{"start":{"line":17,"column":4},"end":{"line":19,"column":null}},"type":"if","locations":[{"start":{"line":17,"column":4},"end":{"line":19,"column":null}}]},"1":{"loc":{"start":{"line":17,"column":8},"end":{"line":17,"column":33}},"type":"binary-expr","locations":[{"start":{"line":17,"column":8},"end":{"line":17,"column":21}},{"start":{"line":17,"column":25},"end":{"line":17,"column":33}}]},"2":{"loc":{"start":{"line":34,"column":4},"end":{"line":36,"column":null}},"type":"if","locations":[{"start":{"line":34,"column":4},"end":{"line":36,"column":null}}]},"3":{"loc":{"start":{"line":34,"column":8},"end":{"line":34,"column":33}},"type":"binary-expr","locations":[{"start":{"line":34,"column":8},"end":{"line":34,"column":21}},{"start":{"line":34,"column":25},"end":{"line":34,"column":33}}]},"4":{"loc":{"start":{"line":39,"column":8},"end":{"line":41,"column":null}},"type":"if","locations":[{"start":{"line":39,"column":8},"end":{"line":41,"column":null}}]},"5":{"loc":{"start":{"line":55,"column":8},"end":{"line":57,"column":null}},"type":"if","locations":[{"start":{"line":55,"column":8},"end":{"line":57,"column":null}}]}},"s":{"0":1,"1":1,"2":1,"3":1,"4":0,"5":0,"6":0,"7":0,"8":0,"9":0,"10":1,"11":0,"12":0,"13":0,"14":0,"15":0,"16":0,"17":0,"18":0,"19":0,"20":0,"21":1,"22":0,"23":0,"24":0,"25":0,"26":0,"27":0,"28":0,"29":0,"30":0,"31":0,"32":0,"33":0,"34":0,"35":0,"36":1,"37":0,"38":0,"39":0,"40":0,"41":0,"42":0,"43":0,"44":0,"45":0,"46":0,"47":0,"48":1},"f":{"0":0,"1":0,"2":0,"3":0,"4":0,"5":0,"6":0,"7":0},"b":{"0":[0],"1":[0,0],"2":[0],"3":[0,0],"4":[0],"5":[0]}}
,"C:\\Users\\sharo\\Documents\\practice_1_sd\\Proyecto\\src\\services\\ticket.service.ts": {"path":"C:\\Users\\sharo\\Documents\\practice_1_sd\\Proyecto\\src\\services\\ticket.service.ts","statementMap":{"0":{"start":{"line":1,"column":24},"end":{"line":1,"column":37}},"1":{"start":{"line":2,"column":15},"end":{"line":2,"column":48}},"2":{"start":{"line":3,"column":15},"end":{"line":3,"column":48}},"3":{"start":{"line":5,"column":18},"end":{"line":13,"column":null}},"4":{"start":{"line":5,"column":73},"end":{"line":13,"column":null}},"5":{"start":{"line":6,"column":4},"end":{"line":12,"column":null}},"6":{"start":{"line":7,"column":24},"end":{"line":7,"column":66}},"7":{"start":{"line":8,"column":8},"end":{"line":8,"column":null}},"8":{"start":{"line":10,"column":8},"end":{"line":10,"column":null}},"9":{"start":{"line":11,"column":8},"end":{"line":11,"column":null}},"10":{"start":{"line":14,"column":27},"end":{"line":23,"column":1}},"11":{"start":{"line":15,"column":4},"end":{"line":22,"column":null}},"12":{"start":{"line":16,"column":24},"end":{"line":16,"column":99}},"13":{"start":{"line":17,"column":8},"end":{"line":17,"column":null}},"14":{"start":{"line":17,"column":50},"end":{"line":17,"column":null}},"15":{"start":{"line":18,"column":8},"end":{"line":18,"column":null}},"16":{"start":{"line":20,"column":8},"end":{"line":20,"column":null}},"17":{"start":{"line":21,"column":8},"end":{"line":21,"column":null}},"18":{"start":{"line":24,"column":21},"end":{"line":47,"column":null}},"19":{"start":{"line":24,"column":75},"end":{"line":47,"column":null}},"20":{"start":{"line":25,"column":71},"end":{"line":25,"column":79}},"21":{"start":{"line":26,"column":25},"end":{"line":26,"column":64}},"22":{"start":{"line":27,"column":4},"end":{"line":29,"column":null}},"23":{"start":{"line":28,"column":8},"end":{"line":28,"column":null}},"24":{"start":{"line":30,"column":4},"end":{"line":46,"column":null}},"25":{"start":{"line":31,"column":8},"end":{"line":42,"column":null}},"26":{"start":{"line":35,"column":16},"end":{"line":37,"column":null}},"27":{"start":{"line":36,"column":20},"end":{"line":36,"column":null}},"28":{"start":{"line":38,"column":16},"end":{"line":41,"column":null}},"29":{"start":{"line":44,"column":8},"end":{"line":44,"column":null}},"30":{"start":{"line":45,"column":8},"end":{"line":45,"column":null}},"31":{"start":{"line":48,"column":21},"end":{"line":68,"column":null}},"32":{"start":{"line":48,"column":75},"end":{"line":68,"column":null}},"33":{"start":{"line":49,"column":15},"end":{"line":49,"column":38}},"34":{"start":{"line":50,"column":43},"end":{"line":50,"column":51}},"35":{"start":{"line":51,"column":25},"end":{"line":51,"column":64}},"36":{"start":{"line":52,"column":4},"end":{"line":54,"column":null}},"37":{"start":{"line":53,"column":8},"end":{"line":53,"column":null}},"38":{"start":{"line":55,"column":4},"end":{"line":67,"column":null}},"39":{"start":{"line":56,"column":30},"end":{"line":56,"column":99}},"40":{"start":{"line":57,"column":8},"end":{"line":59,"column":null}},"41":{"start":{"line":58,"column":12},"end":{"line":58,"column":null}},"42":{"start":{"line":60,"column":23},"end":{"line":61,"column":90}},"43":{"start":{"line":62,"column":8},"end":{"line":63,"column":null}},"44":{"start":{"line":65,"column":8},"end":{"line":65,"column":null}},"45":{"start":{"line":66,"column":8},"end":{"line":66,"column":null}},"46":{"start":{"line":69,"column":21},"end":{"line":83,"column":null}},"47":{"start":{"line":69,"column":75},"end":{"line":83,"column":null}},"48":{"start":{"line":70,"column":15},"end":{"line":70,"column":38}},"49":{"start":{"line":71,"column":25},"end":{"line":71,"column":64}},"50":{"start":{"line":72,"column":4},"end":{"line":82,"column":null}},"51":{"start":{"line":73,"column":23},"end":{"line":73,"column":92}},"52":{"start":{"line":74,"column":8},"end":{"line":76,"column":null}},"53":{"start":{"line":75,"column":12},"end":{"line":75,"column":null}},"54":{"start":{"line":77,"column":8},"end":{"line":77,"column":null}},"55":{"start":{"line":78,"column":8},"end":{"line":78,"column":null}},"56":{"start":{"line":80,"column":8},"end":{"line":80,"column":null}},"57":{"start":{"line":81,"column":8},"end":{"line":81,"column":null}},"58":{"start":{"line":85,"column":0},"end":{"line":87,"column":null}}},"fnMap":{"0":{"name":"(anonymous_7)","decl":{"start":{"line":5,"column":18},"end":{"line":5,"column":25}},"loc":{"start":{"line":5,"column":73},"end":{"line":13,"column":null}}},"1":{"name":"(anonymous_8)","decl":{"start":{"line":5,"column":73},"end":{"line":5,"column":null}},"loc":{"start":{"line":5,"column":73},"end":{"line":13,"column":1}}},"2":{"name":"(anonymous_9)","decl":{"start":{"line":14,"column":27},"end":{"line":14,"column":28}},"loc":{"start":{"line":14,"column":76},"end":{"line":23,"column":1}}},"3":{"name":"(anonymous_10)","decl":{"start":{"line":24,"column":21},"end":{"line":24,"column":28}},"loc":{"start":{"line":24,"column":75},"end":{"line":47,"column":null}}},"4":{"name":"(anonymous_11)","decl":{"start":{"line":24,"column":75},"end":{"line":24,"column":null}},"loc":{"start":{"line":24,"column":75},"end":{"line":47,"column":1}}},"5":{"name":"(anonymous_12)","decl":{"start":{"line":34,"column":12},"end":{"line":34,"column":13}},"loc":{"start":{"line":34,"column":58},"end":{"line":42,"column":13}}},"6":{"name":"(anonymous_13)","decl":{"start":{"line":48,"column":21},"end":{"line":48,"column":28}},"loc":{"start":{"line":48,"column":75},"end":{"line":68,"column":null}}},"7":{"name":"(anonymous_14)","decl":{"start":{"line":48,"column":75},"end":{"line":48,"column":null}},"loc":{"start":{"line":48,"column":75},"end":{"line":68,"column":1}}},"8":{"name":"(anonymous_15)","decl":{"start":{"line":69,"column":21},"end":{"line":69,"column":28}},"loc":{"start":{"line":69,"column":75},"end":{"line":83,"column":null}}},"9":{"name":"(anonymous_16)","decl":{"start":{"line":69,"column":75},"end":{"line":69,"column":null}},"loc":{"start":{"line":69,"column":75},"end":{"line":83,"column":1}}}},"branchMap":{"0":{"loc":{"start":{"line":17,"column":8},"end":{"line":17,"column":null}},"type":"if","locations":[{"start":{"line":17,"column":8},"end":{"line":17,"column":null}}]},"1":{"loc":{"start":{"line":27,"column":4},"end":{"line":29,"column":null}},"type":"if","locations":[{"start":{"line":27,"column":4},"end":{"line":29,"column":null}}]},"2":{"loc":{"start":{"line":27,"column":8},"end":{"line":27,"column":78}},"type":"binary-expr","locations":[{"start":{"line":27,"column":8},"end":{"line":27,"column":14}},{"start":{"line":27,"column":18},"end":{"line":27,"column":27}},{"start":{"line":27,"column":31},"end":{"line":27,"column":41}},{"start":{"line":27,"column":45},"end":{"line":27,"column":56}},{"start":{"line":27,"column":60},"end":{"line":27,"column":65}},{"start":{"line":27,"column":69},"end":{"line":27,"column":78}}]},"3":{"loc":{"start":{"line":35,"column":16},"end":{"line":37,"column":null}},"type":"if","locations":[{"start":{"line":35,"column":16},"end":{"line":37,"column":null}}]},"4":{"loc":{"start":{"line":52,"column":4},"end":{"line":54,"column":null}},"type":"if","locations":[{"start":{"line":52,"column":4},"end":{"line":54,"column":null}}]},"5":{"loc":{"start":{"line":52,"column":8},"end":{"line":52,"column":41}},"type":"binary-expr","locations":[{"start":{"line":52,"column":8},"end":{"line":52,"column":14}},{"start":{"line":52,"column":18},"end":{"line":52,"column":28}},{"start":{"line":52,"column":32},"end":{"line":52,"column":41}}]},"6":{"loc":{"start":{"line":57,"column":8},"end":{"line":59,"column":null}},"type":"if","locations":[{"start":{"line":57,"column":8},"end":{"line":59,"column":null}}]},"7":{"loc":{"start":{"line":74,"column":8},"end":{"line":76,"column":null}},"type":"if","locations":[{"start":{"line":74,"column":8},"end":{"line":76,"column":null}}]}},"s":{"0":1,"1":1,"2":1,"3":1,"4":0,"5":0,"6":0,"7":0,"8":0,"9":0,"10":1,"11":0,"12":0,"13":0,"14":0,"15":0,"16":0,"17":0,"18":1,"19":0,"20":0,"21":0,"22":0,"23":0,"24":0,"25":0,"26":0,"27":0,"28":0,"29":0,"30":0,"31":1,"32":0,"33":0,"34":0,"35":0,"36":0,"37":0,"38":0,"39":0,"40":0,"41":0,"42":0,"43":0,"44":0,"45":0,"46":1,"47":0,"48":0,"49":0,"50":0,"51":0,"52":0,"53":0,"54":0,"55":0,"56":0,"57":0,"58":1},"f":{"0":0,"1":0,"2":0,"3":0,"4":0,"5":0,"6":0,"7":0,"8":0,"9":0},"b":{"0":[0],"1":[0],"2":[0,0,0,0,0,0],"3":[0],"4":[0],"5":[0,0,0],"6":[0],"7":[0]}}
,"C:\\Users\\sharo\\Documents\\practice_1_sd\\Proyecto\\src\\services\\user.service.ts": {"path":"C:\\Users\\sharo\\Documents\\practice_1_sd\\Proyecto\\src\\services\\user.service.ts","statementMap":{"0":{"start":{"line":1,"column":15},"end":{"line":1,"column":48}},"1":{"start":{"line":2,"column":17},"end":{"line":2,"column":61}},"2":{"start":{"line":3,"column":16},"end":{"line":3,"column":49}},"3":{"start":{"line":4,"column":15},"end":{"line":4,"column":48}},"4":{"start":{"line":6,"column":17},"end":{"line":14,"column":null}},"5":{"start":{"line":6,"column":72},"end":{"line":14,"column":null}},"6":{"start":{"line":7,"column":4},"end":{"line":13,"column":null}},"7":{"start":{"line":8,"column":22},"end":{"line":8,"column":69}},"8":{"start":{"line":9,"column":8},"end":{"line":9,"column":null}},"9":{"start":{"line":11,"column":8},"end":{"line":11,"column":null}},"10":{"start":{"line":12,"column":8},"end":{"line":12,"column":null}},"11":{"start":{"line":15,"column":19},"end":{"line":53,"column":null}},"12":{"start":{"line":15,"column":73},"end":{"line":53,"column":null}},"13":{"start":{"line":17,"column":46},"end":{"line":17,"column":54}},"14":{"start":{"line":18,"column":23},"end":{"line":18,"column":69}},"15":{"start":{"line":19,"column":4},"end":{"line":22,"column":null}},"16":{"start":{"line":21,"column":8},"end":{"line":21,"column":null}},"17":{"start":{"line":23,"column":4},"end":{"line":25,"column":null}},"18":{"start":{"line":24,"column":8},"end":{"line":24,"column":null}},"19":{"start":{"line":26,"column":4},"end":{"line":29,"column":null}},"20":{"start":{"line":27,"column":8},"end":{"line":28,"column":null}},"21":{"start":{"line":30,"column":4},"end":{"line":35,"column":null}},"22":{"start":{"line":31,"column":8},"end":{"line":34,"column":null}},"23":{"start":{"line":36,"column":4},"end":{"line":52,"column":null}},"24":{"start":{"line":37,"column":8},"end":{"line":37,"column":null}},"25":{"start":{"line":38,"column":35},"end":{"line":38,"column":68}},"26":{"start":{"line":39,"column":21},"end":{"line":41,"column":67}},"27":{"start":{"line":43,"column":21},"end":{"line":45,"column":83}},"28":{"start":{"line":46,"column":8},"end":{"line":46,"column":null}},"29":{"start":{"line":47,"column":8},"end":{"line":47,"column":null}},"30":{"start":{"line":49,"column":8},"end":{"line":49,"column":null}},"31":{"start":{"line":50,"column":8},"end":{"line":50,"column":null}},"32":{"start":{"line":51,"column":8},"end":{"line":51,"column":null}},"33":{"start":{"line":54,"column":19},"end":{"line":90,"column":null}},"34":{"start":{"line":54,"column":73},"end":{"line":90,"column":null}},"35":{"start":{"line":55,"column":15},"end":{"line":55,"column":38}},"36":{"start":{"line":56,"column":30},"end":{"line":56,"column":78}},"37":{"start":{"line":57,"column":85},"end":{"line":57,"column":93}},"38":{"start":{"line":58,"column":4},"end":{"line":61,"column":null}},"39":{"start":{"line":60,"column":8},"end":{"line":60,"column":null}},"40":{"start":{"line":62,"column":4},"end":{"line":64,"column":null}},"41":{"start":{"line":63,"column":8},"end":{"line":63,"column":null}},"42":{"start":{"line":65,"column":4},"end":{"line":70,"column":null}},"43":{"start":{"line":66,"column":8},"end":{"line":69,"column":null}},"44":{"start":{"line":71,"column":4},"end":{"line":89,"column":null}},"45":{"start":{"line":72,"column":8},"end":{"line":72,"column":null}},"46":{"start":{"line":73,"column":28},"end":{"line":73,"column":100}},"47":{"start":{"line":74,"column":8},"end":{"line":76,"column":null}},"48":{"start":{"line":75,"column":12},"end":{"line":75,"column":null}},"49":{"start":{"line":77,"column":39},"end":{"line":77,"column":72}},"50":{"start":{"line":78,"column":8},"end":{"line":79,"column":null}},"51":{"start":{"line":80,"column":8},"end":{"line":82,"column":null}},"52":{"start":{"line":83,"column":8},"end":{"line":83,"column":null}},"53":{"start":{"line":84,"column":8},"end":{"line":84,"column":null}},"54":{"start":{"line":86,"column":8},"end":{"line":86,"column":null}},"55":{"start":{"line":87,"column":8},"end":{"line":87,"column":null}},"56":{"start":{"line":88,"column":8},"end":{"line":88,"column":null}},"57":{"start":{"line":91,"column":19},"end":{"line":114,"column":null}},"58":{"start":{"line":91,"column":73},"end":{"line":114,"column":null}},"59":{"start":{"line":92,"column":15},"end":{"line":92,"column":38}},"60":{"start":{"line":93,"column":25},"end":{"line":93,"column":60}},"61":{"start":{"line":94,"column":4},"end":{"line":113,"column":null}},"62":{"start":{"line":95,"column":8},"end":{"line":95,"column":null}},"63":{"start":{"line":96,"column":28},"end":{"line":96,"column":100}},"64":{"start":{"line":97,"column":8},"end":{"line":99,"column":null}},"65":{"start":{"line":98,"column":12},"end":{"line":98,"column":null}},"66":{"start":{"line":100,"column":8},"end":{"line":100,"column":null}},"67":{"start":{"line":101,"column":22},"end":{"line":101,"column":95}},"68":{"start":{"line":102,"column":8},"end":{"line":105,"column":null}},"69":{"start":{"line":102,"column":25},"end":{"line":102,"column":26}},"70":{"start":{"line":103,"column":12},"end":{"line":103,"column":null}},"71":{"start":{"line":104,"column":12},"end":{"line":104,"column":null}},"72":{"start":{"line":106,"column":8},"end":{"line":106,"column":null}},"73":{"start":{"line":107,"column":8},"end":{"line":107,"column":null}},"74":{"start":{"line":108,"column":8},"end":{"line":108,"column":null}},"75":{"start":{"line":110,"column":8},"end":{"line":110,"column":null}},"76":{"start":{"line":111,"column":8},"end":{"line":111,"column":null}},"77":{"start":{"line":112,"column":8},"end":{"line":112,"column":null}},"78":{"start":{"line":116,"column":0},"end":{"line":118,"column":null}}},"fnMap":{"0":{"name":"(anonymous_7)","decl":{"start":{"line":6,"column":17},"end":{"line":6,"column":24}},"loc":{"start":{"line":6,"column":72},"end":{"line":14,"column":null}}},"1":{"name":"(anonymous_8)","decl":{"start":{"line":6,"column":72},"end":{"line":6,"column":null}},"loc":{"start":{"line":6,"column":72},"end":{"line":14,"column":1}}},"2":{"name":"(anonymous_9)","decl":{"start":{"line":15,"column":19},"end":{"line":15,"column":26}},"loc":{"start":{"line":15,"column":73},"end":{"line":53,"column":null}}},"3":{"name":"(anonymous_10)","decl":{"start":{"line":15,"column":73},"end":{"line":15,"column":null}},"loc":{"start":{"line":15,"column":73},"end":{"line":53,"column":1}}},"4":{"name":"(anonymous_11)","decl":{"start":{"line":54,"column":19},"end":{"line":54,"column":26}},"loc":{"start":{"line":54,"column":73},"end":{"line":90,"column":null}}},"5":{"name":"(anonymous_12)","decl":{"start":{"line":54,"column":73},"end":{"line":54,"column":null}},"loc":{"start":{"line":54,"column":73},"end":{"line":90,"column":1}}},"6":{"name":"(anonymous_13)","decl":{"start":{"line":91,"column":19},"end":{"line":91,"column":26}},"loc":{"start":{"line":91,"column":73},"end":{"line":114,"column":null}}},"7":{"name":"(anonymous_14)","decl":{"start":{"line":91,"column":73},"end":{"line":91,"column":null}},"loc":{"start":{"line":91,"column":73},"end":{"line":114,"column":1}}}},"branchMap":{"0":{"loc":{"start":{"line":19,"column":4},"end":{"line":22,"column":null}},"type":"if","locations":[{"start":{"line":19,"column":4},"end":{"line":22,"column":null}}]},"1":{"loc":{"start":{"line":19,"column":8},"end":{"line":20,"column":51}},"type":"binary-expr","locations":[{"start":{"line":19,"column":8},"end":{"line":19,"column":13}},{"start":{"line":19,"column":17},"end":{"line":19,"column":27}},{"start":{"line":19,"column":31},"end":{"line":19,"column":37}},{"start":{"line":19,"column":41},"end":{"line":19,"column":50}},{"start":{"line":19,"column":54},"end":{"line":19,"column":58}},{"start":{"line":19,"column":62},"end":{"line":19,"column":66}},{"start":{"line":19,"column":70},"end":{"line":19,"column":82}},{"start":{"line":20,"column":8},"end":{"line":20,"column":18}},{"start":{"line":20,"column":22},"end":{"line":20,"column":33}},{"start":{"line":20,"column":37},"end":{"line":20,"column":41}},{"start":{"line":20,"column":45},"end":{"line":20,"column":51}}]},"2":{"loc":{"start":{"line":23,"column":4},"end":{"line":25,"column":null}},"type":"if","locations":[{"start":{"line":23,"column":4},"end":{"line":25,"column":null}}]},"3":{"loc":{"start":{"line":26,"column":4},"end":{"line":29,"column":null}},"type":"if","locations":[{"start":{"line":26,"column":4},"end":{"line":29,"column":null}}]},"4":{"loc":{"start":{"line":30,"column":4},"end":{"line":35,"column":null}},"type":"if","locations":[{"start":{"line":30,"column":4},"end":{"line":35,"column":null}}]},"5":{"loc":{"start":{"line":58,"column":4},"end":{"line":61,"column":null}},"type":"if","locations":[{"start":{"line":58,"column":4},"end":{"line":61,"column":null}}]},"6":{"loc":{"start":{"line":58,"column":8},"end":{"line":59,"column":51}},"type":"binary-expr","locations":[{"start":{"line":58,"column":8},"end":{"line":58,"column":14}},{"start":{"line":58,"column":18},"end":{"line":58,"column":27}},{"start":{"line":58,"column":31},"end":{"line":58,"column":35}},{"start":{"line":58,"column":39},"end":{"line":58,"column":51}},{"start":{"line":59,"column":8},"end":{"line":59,"column":18}},{"start":{"line":59,"column":22},"end":{"line":59,"column":33}},{"start":{"line":59,"column":37},"end":{"line":59,"column":41}},{"start":{"line":59,"column":45},"end":{"line":59,"column":51}}]},"7":{"loc":{"start":{"line":62,"column":4},"end":{"line":64,"column":null}},"type":"if","locations":[{"start":{"line":62,"column":4},"end":{"line":64,"column":null}}]},"8":{"loc":{"start":{"line":65,"column":4},"end":{"line":70,"column":null}},"type":"if","locations":[{"start":{"line":65,"column":4},"end":{"line":70,"column":null}}]},"9":{"loc":{"start":{"line":74,"column":8},"end":{"line":76,"column":null}},"type":"if","locations":[{"start":{"line":74,"column":8},"end":{"line":76,"column":null}}]},"10":{"loc":{"start":{"line":97,"column":8},"end":{"line":99,"column":null}},"type":"if","locations":[{"start":{"line":97,"column":8},"end":{"line":99,"column":null}}]}},"s":{"0":1,"1":1,"2":1,"3":1,"4":1,"5":1,"6":1,"7":1,"8":1,"9":0,"10":0,"11":1,"12":1,"13":1,"14":1,"15":1,"16":0,"17":1,"18":0,"19":1,"20":0,"21":1,"22":0,"23":1,"24":1,"25":1,"26":1,"27":1,"28":1,"29":1,"30":0,"31":0,"32":0,"33":1,"34":0,"35":0,"36":0,"37":0,"38":0,"39":0,"40":0,"41":0,"42":0,"43":0,"44":0,"45":0,"46":0,"47":0,"48":0,"49":0,"50":0,"51":0,"52":0,"53":0,"54":0,"55":0,"56":0,"57":1,"58":3,"59":3,"60":3,"61":3,"62":3,"63":3,"64":3,"65":2,"66":1,"67":1,"68":1,"69":1,"70":0,"71":0,"72":1,"73":1,"74":1,"75":0,"76":0,"77":0,"78":1},"f":{"0":1,"1":1,"2":1,"3":1,"4":0,"5":0,"6":3,"7":3},"b":{"0":[0],"1":[1,1,1,1,1,1,1,1,1,1,1],"2":[0],"3":[0],"4":[0],"5":[0],"6":[0,0,0,0,0,0,0,0],"7":[0],"8":[0],"9":[0],"10":[2]}}
,"C:\\Users\\sharo\\Documents\\practice_1_sd\\Proyecto\\src\\services\\errorMessages\\errors.ts": {"path":"C:\\Users\\sharo\\Documents\\practice_1_sd\\Proyecto\\src\\services\\errorMessages\\errors.ts","statementMap":{"0":{"start":{"line":1,"column":22},"end":{"line":1,"column":75}},"1":{"start":{"line":1,"column":37},"end":{"line":1,"column":75}},"2":{"start":{"line":2,"column":23},"end":{"line":2,"column":93}},"3":{"start":{"line":3,"column":18},"end":{"line":3,"column":93}},"4":{"start":{"line":3,"column":36},"end":{"line":3,"column":93}},"5":{"start":{"line":4,"column":20},"end":{"line":7,"column":2}},"6":{"start":{"line":4,"column":33},"end":{"line":7,"column":2}},"7":{"start":{"line":8,"column":0},"end":{"line":8,"column":null}}},"fnMap":{"0":{"name":"(anonymous_0)","decl":{"start":{"line":1,"column":22},"end":{"line":1,"column":23}},"loc":{"start":{"line":1,"column":37},"end":{"line":1,"column":75}}},"1":{"name":"(anonymous_1)","decl":{"start":{"line":3,"column":18},"end":{"line":3,"column":19}},"loc":{"start":{"line":3,"column":36},"end":{"line":3,"column":93}}},"2":{"name":"(anonymous_2)","decl":{"start":{"line":4,"column":20},"end":{"line":4,"column":21}},"loc":{"start":{"line":4,"column":33},"end":{"line":7,"column":2}}}},"branchMap":{},"s":{"0":1,"1":4,"2":1,"3":1,"4":0,"5":1,"6":0,"7":1},"f":{"0":4,"1":0,"2":0},"b":{}}
,"C:\\Users\\sharo\\Documents\\practice_1_sd\\Proyecto\\src\\services\\validations\\validationFunctions.ts": {"path":"C:\\Users\\sharo\\Documents\\practice_1_sd\\Proyecto\\src\\services\\validations\\validationFunctions.ts","statementMap":{"0":{"start":{"line":1,"column":22},"end":{"line":5,"column":1}},"1":{"start":{"line":2,"column":23},"end":{"line":2,"column":71}},"2":{"start":{"line":3,"column":4},"end":{"line":3,"column":null}},"3":{"start":{"line":3,"column":32},"end":{"line":3,"column":null}},"4":{"start":{"line":4,"column":4},"end":{"line":4,"column":null}},"5":{"start":{"line":6,"column":21},"end":{"line":10,"column":1}},"6":{"start":{"line":7,"column":17},"end":{"line":7,"column":98}},"7":{"start":{"line":8,"column":4},"end":{"line":8,"column":null}},"8":{"start":{"line":8,"column":29},"end":{"line":8,"column":null}},"9":{"start":{"line":9,"column":4},"end":{"line":9,"column":null}},"10":{"start":{"line":12,"column":0},"end":{"line":12,"column":null}}},"fnMap":{"0":{"name":"(anonymous_0)","decl":{"start":{"line":1,"column":22},"end":{"line":1,"column":23}},"loc":{"start":{"line":1,"column":40},"end":{"line":5,"column":1}}},"1":{"name":"(anonymous_1)","decl":{"start":{"line":6,"column":21},"end":{"line":6,"column":22}},"loc":{"start":{"line":6,"column":42},"end":{"line":10,"column":1}}}},"branchMap":{"0":{"loc":{"start":{"line":3,"column":4},"end":{"line":3,"column":null}},"type":"if","locations":[{"start":{"line":3,"column":4},"end":{"line":3,"column":null}}]},"1":{"loc":{"start":{"line":8,"column":4},"end":{"line":8,"column":null}},"type":"if","locations":[{"start":{"line":8,"column":4},"end":{"line":8,"column":null}}]}},"s":{"0":1,"1":1,"2":1,"3":1,"4":0,"5":1,"6":1,"7":1,"8":1,"9":0,"10":1},"f":{"0":1,"1":1},"b":{"0":[1],"1":[1]}}
}
