TN:
SF:src/database/conection.ts
FNF:0
FNH:0
DA:1,1
DA:2,1
DA:4,1
DA:6,1
DA:13,1
LF:5
LH:5
BRF:0
BRH:0
end_of_record
TN:
SF:src/services/creditCard.service.ts
FN:3,(anonymous_8)
FN:3,(anonymous_9)
FN:16,(anonymous_10)
FN:26,(anonymous_11)
FN:46,(anonymous_12)
FN:55,(anonymous_13)
FN:75,(anonymous_14)
FN:75,(anonymous_15)
FN:88,(anonymous_16)
FN:88,(anonymous_17)
FNF:10
FNH:0
FNDA:0,(anonymous_8)
FNDA:0,(anonymous_9)
FNDA:0,(anonymous_10)
FNDA:0,(anonymous_11)
FNDA:0,(anonymous_12)
FNDA:0,(anonymous_13)
FNDA:0,(anonymous_14)
FNDA:0,(anonymous_15)
FNDA:0,(anonymous_16)
FNDA:0,(anonymous_17)
DA:1,1
DA:3,1
DA:4,0
DA:5,0
DA:9,0
DA:11,0
DA:12,0
DA:16,1
DA:26,0
DA:27,0
DA:28,0
DA:41,0
DA:42,0
DA:46,1
DA:55,0
DA:56,0
DA:57,0
DA:68,0
DA:70,0
DA:71,0
DA:75,1
DA:76,0
DA:77,0
DA:81,0
DA:83,0
DA:84,0
DA:88,1
DA:89,0
DA:90,0
DA:91,0
DA:92,0
DA:93,0
DA:95,0
DA:96,0
DA:97,0
DA:101,1
LF:36
LH:7
BRF:0
BRH:0
end_of_record
TN:
SF:src/services/user.service.ts
FN:4,(anonymous_8)
FN:4,(anonymous_9)
FN:14,(anonymous_10)
FN:14,(anonymous_11)
FN:26,(anonymous_12)
FN:44,(anonymous_13)
FN:69,(anonymous_14)
FN:77,(anonymous_15)
FN:98,(anonymous_16)
FN:98,(anonymous_17)
FN:111,(anonymous_18)
FN:111,(anonymous_19)
FN:124,(anonymous_20)
FN:124,(anonymous_21)
FNF:14
FNH:2
FNDA:0,(anonymous_8)
FNDA:0,(anonymous_9)
FNDA:0,(anonymous_10)
FNDA:0,(anonymous_11)
FNDA:1,(anonymous_12)
FNDA:1,(anonymous_13)
FNDA:0,(anonymous_14)
FNDA:0,(anonymous_15)
FNDA:0,(anonymous_16)
FNDA:0,(anonymous_17)
FNDA:0,(anonymous_18)
FNDA:0,(anonymous_19)
FNDA:0,(anonymous_20)
FNDA:0,(anonymous_21)
DA:1,1
DA:2,1
DA:4,1
DA:5,0
DA:6,0
DA:7,0
DA:9,0
DA:10,0
DA:14,1
DA:15,0
DA:16,0
DA:19,0
DA:21,0
DA:22,0
DA:26,1
DA:44,1
DA:45,1
DA:46,1
DA:47,0
DA:59,0
DA:60,0
DA:61,0
DA:63,0
DA:64,0
DA:65,0
DA:69,1
DA:77,0
DA:78,0
DA:79,0
DA:91,0
DA:93,0
DA:94,0
DA:98,1
DA:99,0
DA:100,0
DA:101,0
DA:102,0
DA:103,0
DA:105,0
DA:106,0
DA:107,0
DA:111,1
DA:112,0
DA:113,0
DA:116,0
DA:117,0
DA:119,0
DA:120,0
DA:124,1
DA:125,0
DA:126,0
DA:130,0
DA:132,0
DA:133,0
DA:137,1
LF:55
LH:13
BRDA:116,0,0,0
BRF:1
BRH:0
end_of_record
